<?xml version="1.0" encoding="utf-8"?><testsuites><testsuite name="pytest" errors="0" failures="0" skipped="0" tests="4" time="0.060" timestamp="2023-02-07T20:34:22.447662" hostname="DESKTOP-BD4S20I"><testcase classname="test_init" name="test_createBD_true" time="0.008" /><testcase classname="test_init" name="test_fillBD_true" time="0.005" /><testcase classname="test_init" name="test_countClients" time="0.003" /><testcase classname="test_init" name="test_countOrders" time="0.006" /></testsuite></testsuites>